[debug] [2021-11-14T18:30:33.695Z] ----------------------------------------------------------------------
[debug] [2021-11-14T18:30:33.698Z] Command:       C:\Program Files\nodejs\node.exe C:\Users\DCL\AppData\Roaming\npm\node_modules\firebase-tools\lib\bin\firebase.js deploy
[debug] [2021-11-14T18:30:33.698Z] CLI Version:   9.22.0
[debug] [2021-11-14T18:30:33.698Z] Platform:      win32
[debug] [2021-11-14T18:30:33.698Z] Node Version:  v14.17.1
[debug] [2021-11-14T18:30:33.706Z] Time:          Mon Nov 15 2021 00:30:33 GMT+0600 (Bangladesh Standard Time)
[debug] [2021-11-14T18:30:33.707Z] ----------------------------------------------------------------------
[debug] 
[debug] [2021-11-14T18:30:33.765Z] > command requires scopes: ["email","openid","https://www.googleapis.com/auth/cloudplatformprojects.readonly","https://www.googleapis.com/auth/firebase","https://www.googleapis.com/auth/cloud-platform"]
[debug] [2021-11-14T18:30:33.765Z] > authorizing via signed-in user (rafiuzzaman15-9655@diu.edu.bd)
[debug] [2021-11-14T18:30:33.765Z] [iam] checking project e-commerce-fa971 for permissions ["firebase.projects.get","firebasehosting.sites.update"]
[debug] [2021-11-14T18:30:33.767Z] > refreshing access token with scopes: ["email","https://www.googleapis.com/auth/cloud-platform","https://www.googleapis.com/auth/cloudplatformprojects.readonly","https://www.googleapis.com/auth/firebase","openid"]
[debug] [2021-11-14T18:30:33.767Z] >>> HTTP REQUEST POST https://www.googleapis.com/oauth2/v3/token  
 <request body omitted>
[debug] [2021-11-14T18:30:34.018Z] <<< HTTP RESPONSE 200 {"expires":"Mon, 01 Jan 1990 00:00:00 GMT","pragma":"no-cache","date":"Sun, 14 Nov 2021 18:30:33 GMT","cache-control":"no-cache, no-store, max-age=0, must-revalidate","content-type":"application/json; charset=utf-8","vary":"X-Origin, Referer, Origin,Accept-Encoding","server":"scaffolding on HTTPServer2","x-xss-protection":"0","x-frame-options":"SAMEORIGIN","x-content-type-options":"nosniff","alt-svc":"clear","accept-ranges":"none","transfer-encoding":"chunked"}
[debug] [2021-11-14T18:30:34.029Z] >>> HTTP REQUEST POST https://cloudresourcemanager.googleapis.com/v1/projects/e-commerce-fa971:testIamPermissions  
 {"permissions":["firebase.projects.get","firebasehosting.sites.update"]}
[debug] [2021-11-14T18:30:35.220Z] <<< HTTP RESPONSE 200 {"content-type":"application/json; charset=UTF-8","vary":"X-Origin, Referer, Origin,Accept-Encoding","date":"Sun, 14 Nov 2021 18:30:35 GMT","server":"ESF","cache-control":"private","x-xss-protection":"0","x-frame-options":"SAMEORIGIN","x-content-type-options":"nosniff","server-timing":"gfet4t7; dur=970","alt-svc":"clear","accept-ranges":"none","transfer-encoding":"chunked"}
[debug] [2021-11-14T18:30:35.222Z] > refreshing access token with scopes: []
[debug] [2021-11-14T18:30:35.222Z] >>> HTTP REQUEST POST https://www.googleapis.com/oauth2/v3/token  
 <request body omitted>
[debug] [2021-11-14T18:30:35.421Z] <<< HTTP RESPONSE 200 {"date":"Sun, 14 Nov 2021 18:30:35 GMT","expires":"Mon, 01 Jan 1990 00:00:00 GMT","cache-control":"no-cache, no-store, max-age=0, must-revalidate","pragma":"no-cache","content-type":"application/json; charset=utf-8","vary":"X-Origin, Referer, Origin,Accept-Encoding","server":"scaffolding on HTTPServer2","x-xss-protection":"0","x-frame-options":"SAMEORIGIN","x-content-type-options":"nosniff","alt-svc":"clear","accept-ranges":"none","transfer-encoding":"chunked"}
[debug] [2021-11-14T18:30:35.431Z] >>> [apiv2][query] GET https://firebase.googleapis.com/v1beta1/projects/e-commerce-fa971 [none]
[debug] [2021-11-14T18:30:35.864Z] <<< [apiv2][status] GET https://firebase.googleapis.com/v1beta1/projects/e-commerce-fa971 200
[debug] [2021-11-14T18:30:35.864Z] <<< [apiv2][body] GET https://firebase.googleapis.com/v1beta1/projects/e-commerce-fa971 {"projectId":"e-commerce-fa971","projectNumber":"498669789139","displayName":"e-commerce","name":"projects/e-commerce-fa971","resources":{"hostingSite":"e-commerce-fa971","storageBucket":"e-commerce-fa971.appspot.com","locationId":"us-central"},"state":"ACTIVE"}
[info] 
[info] === Deploying to 'e-commerce-fa971'...
[info] 
[info] i  deploying hosting 
[debug] [2021-11-14T18:30:35.868Z] > refreshing access token with scopes: ["email","https://www.googleapis.com/auth/cloud-platform","https://www.googleapis.com/auth/cloudplatformprojects.readonly","https://www.googleapis.com/auth/firebase","openid"]
[debug] [2021-11-14T18:30:35.868Z] >>> HTTP REQUEST POST https://www.googleapis.com/oauth2/v3/token  
 <request body omitted>
[debug] [2021-11-14T18:30:36.058Z] <<< HTTP RESPONSE 200 {"pragma":"no-cache","expires":"Mon, 01 Jan 1990 00:00:00 GMT","cache-control":"no-cache, no-store, max-age=0, must-revalidate","date":"Sun, 14 Nov 2021 18:30:35 GMT","content-type":"application/json; charset=utf-8","vary":"X-Origin, Referer, Origin,Accept-Encoding","server":"scaffolding on HTTPServer2","x-xss-protection":"0","x-frame-options":"SAMEORIGIN","x-content-type-options":"nosniff","alt-svc":"clear","accept-ranges":"none","transfer-encoding":"chunked"}
[debug] [2021-11-14T18:30:36.081Z] >>> HTTP REQUEST POST https://firebasehosting.googleapis.com/v1beta1/sites/e-commerce-fa971/versions  
 {"config":{},"labels":{"deployment-tool":"cli-firebase"}}
[debug] [2021-11-14T18:30:37.933Z] <<< HTTP RESPONSE 200 {"content-type":"application/json; charset=UTF-8","vary":"X-Origin, Referer, Origin,Accept-Encoding","date":"Sun, 14 Nov 2021 18:30:37 GMT","server":"ESF","cache-control":"private","x-xss-protection":"0","x-frame-options":"SAMEORIGIN","x-content-type-options":"nosniff","alt-svc":"clear","accept-ranges":"none","transfer-encoding":"chunked"}
[info] i  hosting[e-commerce-fa971]: beginning deploy... 
[info] i  hosting[e-commerce-fa971]: found 20 files in build 
[debug] [2021-11-14T18:30:37.945Z] [hosting] hash cache [YnVpbGQ] not populated
[debug] [2021-11-14T18:30:38.164Z] > refreshing access token with scopes: []
[debug] [2021-11-14T18:30:38.164Z] >>> HTTP REQUEST POST https://www.googleapis.com/oauth2/v3/token  
 <request body omitted>
[debug] [2021-11-14T18:30:38.166Z] [hosting] hash cache [YnVpbGQ] stored for 20 files
[debug] [2021-11-14T18:30:38.166Z] [hosting][hash queue][FINAL] {"max":212,"min":14,"avg":27.5,"active":0,"complete":20,"success":20,"errored":0,"retried":0,"total":20,"elapsed":221}
[debug] [2021-11-14T18:30:38.354Z] <<< HTTP RESPONSE 200 {"date":"Sun, 14 Nov 2021 18:30:38 GMT","expires":"Mon, 01 Jan 1990 00:00:00 GMT","cache-control":"no-cache, no-store, max-age=0, must-revalidate","pragma":"no-cache","content-type":"application/json; charset=utf-8","vary":"X-Origin, Referer, Origin,Accept-Encoding","server":"scaffolding on HTTPServer2","x-xss-protection":"0","x-frame-options":"SAMEORIGIN","x-content-type-options":"nosniff","alt-svc":"clear","accept-ranges":"none","transfer-encoding":"chunked"}
[debug] [2021-11-14T18:30:38.364Z] >>> [apiv2][query] POST https://firebasehosting.googleapis.com/v1beta1/sites/e-commerce-fa971/versions/884eab0a04859004:populateFiles [none]
[debug] [2021-11-14T18:30:38.364Z] >>> [apiv2][body] POST https://firebasehosting.googleapis.com/v1beta1/sites/e-commerce-fa971/versions/884eab0a04859004:populateFiles {"files":{"/asset-manifest.json":"ccca8d61bc2d927808cd39a467edebd8f16358d036e061c3ef2f5e74a3b28eb8","/index.html":"2f803e006cc101df81fab6ca3311f7b4252433855f6df64b78598772e18d420f","/logo192.png":"3ee59515172ee198f3be375979df15ac5345183e656720a381b8872b2a39dc8b","/favicon.ico":"eae62e993eb980ec8a25058c39d5a51feab118bd2100c4deebb2a9c158ec11f9","/robots.txt":"bfe106a3fb878dc83461c86818bf74fc1bdc7f28538ba613cd3e775516ce8b49","/manifest.json":"aff3449bdc238776f5d6d967f19ec491b36aed5fb7f23ccff6500736fd58494a","/logo512.png":"ee7e2f3fdb8209c4b6fd7bef6ba50d1b9dba30a25bb5c3126df057e1cb6f5331","/static/css/main.c962c6ab.chunk.css.map":"40b85bbaf900dffd8f164d597efef34e5d0f20aabcbe7c5738ff9ef51ddc04af","/static/js/2.10d4fb4b.chunk.js.LICENSE.txt":"68b16697969801057d3e0deb105ae8509867a6ae2629d732d8100d885b17e4c5","/static/css/main.c962c6ab.chunk.css":"0b0922dad6c495202877261decc4f9108ee98fcf69c1cebcd880a98645f01b2f","/static/js/3.50e1cfa3.chunk.js":"0e8335075fafd74d63e97598c12d5abeadfb65d551e42f54b9a9f463ff0b5674","/static/js/3.50e1cfa3.chunk.js.map":"a89a06a191e6134cfb9577fc7fd847f317266c667a1bec830d3b0ed2b3142792","/static/js/main.155a01fb.chunk.js":"2470046aa0141493b78919e8453e8c6e8c3daca8b182bfd412987f80bd0432b9","/static/js/runtime-main.e4f247ad.js":"6384d8e993addf83b4e0985f4cea2ea7a9ee112e48f9c72f47262b978c01cb63","/static/js/runtime-main.e4f247ad.js.map":"155bb6055d56683e25686ccd52cbda65dedfe2cc73dd636f049e59e58dfaf0e5","/static/js/main.155a01fb.chunk.js.map":"c33ed46971ec91e4077a923e0537ed7b6660bbabf927ba32500bb274a3fe0902","/static/css/2.383c0125.chunk.css":"f3f58dbbfef53fd510e808a34ca833a159726ec7b8057a51cf4429d4a08c470e","/static/js/2.10d4fb4b.chunk.js":"f8166977e9ff9da647111152b5e60a2c8952df74559d613419cfdbd60eb92bfa","/static/css/2.383c0125.chunk.css.map":"b070f138bd9124f3d4955fe72ab0224b76ecf60fdb9ea8275037eab3376c6579","/static/js/2.10d4fb4b.chunk.js.map":"e1b3fd29ef08d2e1b9b8bf9979c043440b7b70a44c20995ddb0d43cf1e1d09ad"}}
[debug] [2021-11-14T18:30:39.837Z] <<< [apiv2][status] POST https://firebasehosting.googleapis.com/v1beta1/sites/e-commerce-fa971/versions/884eab0a04859004:populateFiles 200
[debug] [2021-11-14T18:30:39.837Z] <<< [apiv2][body] POST https://firebasehosting.googleapis.com/v1beta1/sites/e-commerce-fa971/versions/884eab0a04859004:populateFiles {"uploadRequiredHashes":["e1b3fd29ef08d2e1b9b8bf9979c043440b7b70a44c20995ddb0d43cf1e1d09ad","a89a06a191e6134cfb9577fc7fd847f317266c667a1bec830d3b0ed2b3142792","6384d8e993addf83b4e0985f4cea2ea7a9ee112e48f9c72f47262b978c01cb63","ee7e2f3fdb8209c4b6fd7bef6ba50d1b9dba30a25bb5c3126df057e1cb6f5331","3ee59515172ee198f3be375979df15ac5345183e656720a381b8872b2a39dc8b","f3f58dbbfef53fd510e808a34ca833a159726ec7b8057a51cf4429d4a08c470e","155bb6055d56683e25686ccd52cbda65dedfe2cc73dd636f049e59e58dfaf0e5","68b16697969801057d3e0deb105ae8509867a6ae2629d732d8100d885b17e4c5","bfe106a3fb878dc83461c86818bf74fc1bdc7f28538ba613cd3e775516ce8b49","aff3449bdc238776f5d6d967f19ec491b36aed5fb7f23ccff6500736fd58494a","40b85bbaf900dffd8f164d597efef34e5d0f20aabcbe7c5738ff9ef51ddc04af","b070f138bd9124f3d4955fe72ab0224b76ecf60fdb9ea8275037eab3376c6579","eae62e993eb980ec8a25058c39d5a51feab118bd2100c4deebb2a9c158ec11f9","ccca8d61bc2d927808cd39a467edebd8f16358d036e061c3ef2f5e74a3b28eb8","0e8335075fafd74d63e97598c12d5abeadfb65d551e42f54b9a9f463ff0b5674","2f803e006cc101df81fab6ca3311f7b4252433855f6df64b78598772e18d420f","2470046aa0141493b78919e8453e8c6e8c3daca8b182bfd412987f80bd0432b9","0b0922dad6c495202877261decc4f9108ee98fcf69c1cebcd880a98645f01b2f","c33ed46971ec91e4077a923e0537ed7b6660bbabf927ba32500bb274a3fe0902","f8166977e9ff9da647111152b5e60a2c8952df74559d613419cfdbd60eb92bfa"],"uploadUrl":"https://upload-firebasehosting.googleapis.com/upload/sites/e-commerce-fa971/versions/884eab0a04859004/files"}
[debug] [2021-11-14T18:30:39.841Z] >>> [apiv2][query] POST https://upload-firebasehosting.googleapis.com/upload/sites/e-commerce-fa971/versions/884eab0a04859004/files/e1b3fd29ef08d2e1b9b8bf9979c043440b7b70a44c20995ddb0d43cf1e1d09ad [none]
[debug] [2021-11-14T18:30:39.841Z] >>> [apiv2][body] POST https://upload-firebasehosting.googleapis.com/upload/sites/e-commerce-fa971/versions/884eab0a04859004/files/e1b3fd29ef08d2e1b9b8bf9979c043440b7b70a44c20995ddb0d43cf1e1d09ad [stream]
[debug] [2021-11-14T18:30:39.844Z] >>> [apiv2][query] POST https://upload-firebasehosting.googleapis.com/upload/sites/e-commerce-fa971/versions/884eab0a04859004/files/a89a06a191e6134cfb9577fc7fd847f317266c667a1bec830d3b0ed2b3142792 [none]
[debug] [2021-11-14T18:30:39.844Z] >>> [apiv2][body] POST https://upload-firebasehosting.googleapis.com/upload/sites/e-commerce-fa971/versions/884eab0a04859004/files/a89a06a191e6134cfb9577fc7fd847f317266c667a1bec830d3b0ed2b3142792 [stream]
[debug] [2021-11-14T18:30:39.845Z] >>> [apiv2][query] POST https://upload-firebasehosting.googleapis.com/upload/sites/e-commerce-fa971/versions/884eab0a04859004/files/6384d8e993addf83b4e0985f4cea2ea7a9ee112e48f9c72f47262b978c01cb63 [none]
[debug] [2021-11-14T18:30:39.845Z] >>> [apiv2][body] POST https://upload-firebasehosting.googleapis.com/upload/sites/e-commerce-fa971/versions/884eab0a04859004/files/6384d8e993addf83b4e0985f4cea2ea7a9ee112e48f9c72f47262b978c01cb63 [stream]
[debug] [2021-11-14T18:30:39.846Z] >>> [apiv2][query] POST https://upload-firebasehosting.googleapis.com/upload/sites/e-commerce-fa971/versions/884eab0a04859004/files/ee7e2f3fdb8209c4b6fd7bef6ba50d1b9dba30a25bb5c3126df057e1cb6f5331 [none]
[debug] [2021-11-14T18:30:39.846Z] >>> [apiv2][body] POST https://upload-firebasehosting.googleapis.com/upload/sites/e-commerce-fa971/versions/884eab0a04859004/files/ee7e2f3fdb8209c4b6fd7bef6ba50d1b9dba30a25bb5c3126df057e1cb6f5331 [stream]
[debug] [2021-11-14T18:30:39.847Z] >>> [apiv2][query] POST https://upload-firebasehosting.googleapis.com/upload/sites/e-commerce-fa971/versions/884eab0a04859004/files/3ee59515172ee198f3be375979df15ac5345183e656720a381b8872b2a39dc8b [none]
[debug] [2021-11-14T18:30:39.847Z] >>> [apiv2][body] POST https://upload-firebasehosting.googleapis.com/upload/sites/e-commerce-fa971/versions/884eab0a04859004/files/3ee59515172ee198f3be375979df15ac5345183e656720a381b8872b2a39dc8b [stream]
[debug] [2021-11-14T18:30:39.847Z] >>> [apiv2][query] POST https://upload-firebasehosting.googleapis.com/upload/sites/e-commerce-fa971/versions/884eab0a04859004/files/f3f58dbbfef53fd510e808a34ca833a159726ec7b8057a51cf4429d4a08c470e [none]
[debug] [2021-11-14T18:30:39.848Z] >>> [apiv2][body] POST https://upload-firebasehosting.googleapis.com/upload/sites/e-commerce-fa971/versions/884eab0a04859004/files/f3f58dbbfef53fd510e808a34ca833a159726ec7b8057a51cf4429d4a08c470e [stream]
[debug] [2021-11-14T18:30:39.848Z] >>> [apiv2][query] POST https://upload-firebasehosting.googleapis.com/upload/sites/e-commerce-fa971/versions/884eab0a04859004/files/155bb6055d56683e25686ccd52cbda65dedfe2cc73dd636f049e59e58dfaf0e5 [none]
[debug] [2021-11-14T18:30:39.848Z] >>> [apiv2][body] POST https://upload-firebasehosting.googleapis.com/upload/sites/e-commerce-fa971/versions/884eab0a04859004/files/155bb6055d56683e25686ccd52cbda65dedfe2cc73dd636f049e59e58dfaf0e5 [stream]
[debug] [2021-11-14T18:30:39.849Z] >>> [apiv2][query] POST https://upload-firebasehosting.googleapis.com/upload/sites/e-commerce-fa971/versions/884eab0a04859004/files/68b16697969801057d3e0deb105ae8509867a6ae2629d732d8100d885b17e4c5 [none]
[debug] [2021-11-14T18:30:39.849Z] >>> [apiv2][body] POST https://upload-firebasehosting.googleapis.com/upload/sites/e-commerce-fa971/versions/884eab0a04859004/files/68b16697969801057d3e0deb105ae8509867a6ae2629d732d8100d885b17e4c5 [stream]
[debug] [2021-11-14T18:30:39.849Z] >>> [apiv2][query] POST https://upload-firebasehosting.googleapis.com/upload/sites/e-commerce-fa971/versions/884eab0a04859004/files/bfe106a3fb878dc83461c86818bf74fc1bdc7f28538ba613cd3e775516ce8b49 [none]
[debug] [2021-11-14T18:30:39.850Z] >>> [apiv2][body] POST https://upload-firebasehosting.googleapis.com/upload/sites/e-commerce-fa971/versions/884eab0a04859004/files/bfe106a3fb878dc83461c86818bf74fc1bdc7f28538ba613cd3e775516ce8b49 [stream]
[debug] [2021-11-14T18:30:39.850Z] >>> [apiv2][query] POST https://upload-firebasehosting.googleapis.com/upload/sites/e-commerce-fa971/versions/884eab0a04859004/files/aff3449bdc238776f5d6d967f19ec491b36aed5fb7f23ccff6500736fd58494a [none]
[debug] [2021-11-14T18:30:39.850Z] >>> [apiv2][body] POST https://upload-firebasehosting.googleapis.com/upload/sites/e-commerce-fa971/versions/884eab0a04859004/files/aff3449bdc238776f5d6d967f19ec491b36aed5fb7f23ccff6500736fd58494a [stream]
[debug] [2021-11-14T18:30:39.851Z] >>> [apiv2][query] POST https://upload-firebasehosting.googleapis.com/upload/sites/e-commerce-fa971/versions/884eab0a04859004/files/40b85bbaf900dffd8f164d597efef34e5d0f20aabcbe7c5738ff9ef51ddc04af [none]
[debug] [2021-11-14T18:30:39.851Z] >>> [apiv2][body] POST https://upload-firebasehosting.googleapis.com/upload/sites/e-commerce-fa971/versions/884eab0a04859004/files/40b85bbaf900dffd8f164d597efef34e5d0f20aabcbe7c5738ff9ef51ddc04af [stream]
[debug] [2021-11-14T18:30:39.852Z] >>> [apiv2][query] POST https://upload-firebasehosting.googleapis.com/upload/sites/e-commerce-fa971/versions/884eab0a04859004/files/b070f138bd9124f3d4955fe72ab0224b76ecf60fdb9ea8275037eab3376c6579 [none]
[debug] [2021-11-14T18:30:39.852Z] >>> [apiv2][body] POST https://upload-firebasehosting.googleapis.com/upload/sites/e-commerce-fa971/versions/884eab0a04859004/files/b070f138bd9124f3d4955fe72ab0224b76ecf60fdb9ea8275037eab3376c6579 [stream]
[debug] [2021-11-14T18:30:39.853Z] >>> [apiv2][query] POST https://upload-firebasehosting.googleapis.com/upload/sites/e-commerce-fa971/versions/884eab0a04859004/files/eae62e993eb980ec8a25058c39d5a51feab118bd2100c4deebb2a9c158ec11f9 [none]
[debug] [2021-11-14T18:30:39.853Z] >>> [apiv2][body] POST https://upload-firebasehosting.googleapis.com/upload/sites/e-commerce-fa971/versions/884eab0a04859004/files/eae62e993eb980ec8a25058c39d5a51feab118bd2100c4deebb2a9c158ec11f9 [stream]
[debug] [2021-11-14T18:30:39.855Z] >>> [apiv2][query] POST https://upload-firebasehosting.googleapis.com/upload/sites/e-commerce-fa971/versions/884eab0a04859004/files/ccca8d61bc2d927808cd39a467edebd8f16358d036e061c3ef2f5e74a3b28eb8 [none]
[debug] [2021-11-14T18:30:39.855Z] >>> [apiv2][body] POST https://upload-firebasehosting.googleapis.com/upload/sites/e-commerce-fa971/versions/884eab0a04859004/files/ccca8d61bc2d927808cd39a467edebd8f16358d036e061c3ef2f5e74a3b28eb8 [stream]
[debug] [2021-11-14T18:30:39.856Z] >>> [apiv2][query] POST https://upload-firebasehosting.googleapis.com/upload/sites/e-commerce-fa971/versions/884eab0a04859004/files/0e8335075fafd74d63e97598c12d5abeadfb65d551e42f54b9a9f463ff0b5674 [none]
[debug] [2021-11-14T18:30:39.856Z] >>> [apiv2][body] POST https://upload-firebasehosting.googleapis.com/upload/sites/e-commerce-fa971/versions/884eab0a04859004/files/0e8335075fafd74d63e97598c12d5abeadfb65d551e42f54b9a9f463ff0b5674 [stream]
[debug] [2021-11-14T18:30:39.857Z] >>> [apiv2][query] POST https://upload-firebasehosting.googleapis.com/upload/sites/e-commerce-fa971/versions/884eab0a04859004/files/2f803e006cc101df81fab6ca3311f7b4252433855f6df64b78598772e18d420f [none]
[debug] [2021-11-14T18:30:39.857Z] >>> [apiv2][body] POST https://upload-firebasehosting.googleapis.com/upload/sites/e-commerce-fa971/versions/884eab0a04859004/files/2f803e006cc101df81fab6ca3311f7b4252433855f6df64b78598772e18d420f [stream]
[debug] [2021-11-14T18:30:39.858Z] >>> [apiv2][query] POST https://upload-firebasehosting.googleapis.com/upload/sites/e-commerce-fa971/versions/884eab0a04859004/files/2470046aa0141493b78919e8453e8c6e8c3daca8b182bfd412987f80bd0432b9 [none]
[debug] [2021-11-14T18:30:39.858Z] >>> [apiv2][body] POST https://upload-firebasehosting.googleapis.com/upload/sites/e-commerce-fa971/versions/884eab0a04859004/files/2470046aa0141493b78919e8453e8c6e8c3daca8b182bfd412987f80bd0432b9 [stream]
[debug] [2021-11-14T18:30:39.859Z] >>> [apiv2][query] POST https://upload-firebasehosting.googleapis.com/upload/sites/e-commerce-fa971/versions/884eab0a04859004/files/0b0922dad6c495202877261decc4f9108ee98fcf69c1cebcd880a98645f01b2f [none]
[debug] [2021-11-14T18:30:39.859Z] >>> [apiv2][body] POST https://upload-firebasehosting.googleapis.com/upload/sites/e-commerce-fa971/versions/884eab0a04859004/files/0b0922dad6c495202877261decc4f9108ee98fcf69c1cebcd880a98645f01b2f [stream]
[debug] [2021-11-14T18:30:39.859Z] >>> [apiv2][query] POST https://upload-firebasehosting.googleapis.com/upload/sites/e-commerce-fa971/versions/884eab0a04859004/files/c33ed46971ec91e4077a923e0537ed7b6660bbabf927ba32500bb274a3fe0902 [none]
[debug] [2021-11-14T18:30:39.859Z] >>> [apiv2][body] POST https://upload-firebasehosting.googleapis.com/upload/sites/e-commerce-fa971/versions/884eab0a04859004/files/c33ed46971ec91e4077a923e0537ed7b6660bbabf927ba32500bb274a3fe0902 [stream]
[debug] [2021-11-14T18:30:39.860Z] >>> [apiv2][query] POST https://upload-firebasehosting.googleapis.com/upload/sites/e-commerce-fa971/versions/884eab0a04859004/files/f8166977e9ff9da647111152b5e60a2c8952df74559d613419cfdbd60eb92bfa [none]
[debug] [2021-11-14T18:30:39.860Z] >>> [apiv2][body] POST https://upload-firebasehosting.googleapis.com/upload/sites/e-commerce-fa971/versions/884eab0a04859004/files/f8166977e9ff9da647111152b5e60a2c8952df74559d613419cfdbd60eb92bfa [stream]
[debug] [2021-11-14T18:30:39.861Z] [hosting][populate queue][FINAL] {"max":1678,"min":1678,"avg":1678,"active":0,"complete":1,"success":1,"errored":0,"retried":0,"total":1,"elapsed":1698}
[debug] [2021-11-14T18:30:39.861Z] [hosting] uploads queued: 20
